2020-10-16 09:56:40,328:INFO:PyCaret Classification Module
2020-10-16 09:56:40,328:INFO:version 2.1.2
2020-10-16 09:56:40,328:INFO:Initializing setup()
2020-10-16 09:56:40,329:INFO:USI: 2c7f
2020-10-16 09:56:40,329:INFO:setup(data=(6497, 13), target=type, train_size=0.7, sampling=True, sample_estimator=None, categorical_features=None, categorical_imputation=constant, ordinal_features=None,
                    high_cardinality_features=None, high_cardinality_method=frequency, numeric_features=None, numeric_imputation=mean, date_features=None, ignore_features=None, normalize=False,
                    normalize_method=zscore, transformation=False, transformation_method=yeo-johnson, handle_unknown_categorical=True, unknown_categorical_method=least_frequent, pca=False, pca_method=linear,
                    pca_components=None, ignore_low_variance=False, combine_rare_levels=False, rare_level_threshold=0.1, bin_numeric_features=None, remove_outliers=False, outliers_threshold=0.05,
                    remove_multicollinearity=False, multicollinearity_threshold=0.9, remove_perfect_collinearity=False, create_clusters=False, cluster_iter=20,
                    polynomial_features=False, polynomial_degree=2, trigonometry_features=False, polynomial_threshold=0.1, group_features=None,
                    group_names=None, feature_selection=False, feature_selection_threshold=0.8, feature_interaction=False, feature_ratio=False, interaction_threshold=0.01,
                    fix_imbalance=False, fix_imbalance_method=None, data_split_shuffle=True, folds_shuffle=False, n_jobs=-1, html=True, session_id=None, log_experiment=False,
                    experiment_name=None, log_plots=False, log_profile=False, log_data=False, silent=False, verbose=True, profile=False)
2020-10-16 09:56:40,329:INFO:Checking environment
2020-10-16 09:56:40,329:INFO:python_version: 3.7.4
2020-10-16 09:56:40,329:INFO:python_build: ('default', 'Sep  7 2019 18:27:02')
2020-10-16 09:56:40,329:INFO:machine: x86_64
2020-10-16 09:56:40,346:INFO:platform: Darwin-18.7.0-x86_64-i386-64bit
2020-10-16 09:56:40,347:WARNING:cannot find psutil installation. memory not traceable. Install psutil using pip to enable memory logging. 
2020-10-16 09:56:40,347:INFO:Checking libraries
2020-10-16 09:56:40,348:INFO:pd==1.1.0
2020-10-16 09:56:40,348:INFO:numpy==1.18.5
2020-10-16 09:56:43,623:INFO:sklearn==0.23.2
2020-10-16 09:56:43,988:INFO:xgboost==1.2.1
2020-10-16 09:56:44,255:INFO:lightgbm==3.0.0
2020-10-16 09:56:44,553:INFO:catboost==0.24.2
2020-10-16 09:56:45,984:INFO:mlflow==1.11.0
2020-10-16 09:56:45,984:INFO:Checking Exceptions
2020-10-16 09:56:45,984:INFO:Preloading libraries
2020-10-16 09:56:45,984:INFO:Preparing display monitor
2020-10-16 09:56:46,014:INFO:Importing libraries
2020-10-16 09:56:49,586:INFO:Declaring global variables
2020-10-16 09:56:49,586:INFO:Copying data for preprocessing
2020-10-16 09:56:49,591:INFO:Declaring preprocessing parameters
2020-10-16 09:56:49,592:INFO:Importing preprocessing module
2020-10-16 09:56:52,559:INFO:Creating preprocessing pipeline
2020-10-16 10:09:58,798:INFO:PyCaret Classification Module
2020-10-16 10:09:58,799:INFO:version 2.1.2
2020-10-16 10:09:58,799:INFO:Initializing setup()
2020-10-16 10:09:58,799:INFO:USI: 701d
2020-10-16 10:09:58,799:INFO:setup(data=(6497, 13), target=type, train_size=0.8, sampling=True, sample_estimator=None, categorical_features=None, categorical_imputation=constant, ordinal_features=None,
                    high_cardinality_features=None, high_cardinality_method=frequency, numeric_features=None, numeric_imputation=mean, date_features=None, ignore_features=None, normalize=False,
                    normalize_method=zscore, transformation=False, transformation_method=yeo-johnson, handle_unknown_categorical=True, unknown_categorical_method=least_frequent, pca=False, pca_method=linear,
                    pca_components=None, ignore_low_variance=False, combine_rare_levels=False, rare_level_threshold=0.1, bin_numeric_features=None, remove_outliers=False, outliers_threshold=0.05,
                    remove_multicollinearity=False, multicollinearity_threshold=0.9, remove_perfect_collinearity=False, create_clusters=False, cluster_iter=20,
                    polynomial_features=False, polynomial_degree=2, trigonometry_features=False, polynomial_threshold=0.1, group_features=None,
                    group_names=None, feature_selection=False, feature_selection_threshold=0.8, feature_interaction=False, feature_ratio=False, interaction_threshold=0.01,
                    fix_imbalance=False, fix_imbalance_method=None, data_split_shuffle=True, folds_shuffle=False, n_jobs=-1, html=True, session_id=None, log_experiment=False,
                    experiment_name=None, log_plots=False, log_profile=False, log_data=False, silent=False, verbose=True, profile=False)
2020-10-16 10:09:58,799:INFO:Checking environment
2020-10-16 10:09:58,799:INFO:python_version: 3.7.4
2020-10-16 10:09:58,799:INFO:python_build: ('default', 'Sep  7 2019 18:27:02')
2020-10-16 10:09:58,799:INFO:machine: x86_64
2020-10-16 10:09:58,813:INFO:platform: Darwin-18.7.0-x86_64-i386-64bit
2020-10-16 10:09:58,814:WARNING:cannot find psutil installation. memory not traceable. Install psutil using pip to enable memory logging. 
2020-10-16 10:09:58,814:INFO:Checking libraries
2020-10-16 10:09:58,814:INFO:pd==1.1.0
2020-10-16 10:09:58,814:INFO:numpy==1.18.5
2020-10-16 10:09:59,167:INFO:sklearn==0.23.2
2020-10-16 10:09:59,193:INFO:xgboost==1.2.1
2020-10-16 10:09:59,224:INFO:lightgbm==3.0.0
2020-10-16 10:09:59,293:INFO:catboost==0.24.2
2020-10-16 10:09:59,651:INFO:mlflow==1.11.0
2020-10-16 10:09:59,651:INFO:Checking Exceptions
2020-10-16 10:09:59,651:INFO:Preloading libraries
2020-10-16 10:09:59,651:INFO:Preparing display monitor
2020-10-16 10:09:59,672:INFO:Importing libraries
2020-10-16 10:10:00,070:INFO:Declaring global variables
2020-10-16 10:10:00,070:INFO:Copying data for preprocessing
2020-10-16 10:10:00,075:INFO:Declaring preprocessing parameters
2020-10-16 10:10:00,076:INFO:Importing preprocessing module
2020-10-16 10:10:00,497:INFO:Creating preprocessing pipeline
2020-10-16 10:21:59,099:INFO:Preprocessing pipeline created successfully
2020-10-16 10:21:59,100:INFO:Creating grid variables
2020-10-16 10:21:59,102:INFO:Creating global containers
2020-10-16 10:21:59,181:INFO:create_model_container 0
2020-10-16 10:21:59,181:INFO:master_model_container 0
2020-10-16 10:21:59,181:INFO:display_container 0
2020-10-16 10:21:59,187:INFO:Pipeline(memory=None,
         steps=[('dtypes',
                 DataTypes_Auto_infer(categorical_features=[],
                                      display_types=True, features_todrop=[],
                                      ml_usecase='classification',
                                      numerical_features=[], target='type',
                                      time_features=[])),
                ('imputer',
                 Simple_Imputer(categorical_strategy='not_available',
                                numeric_strategy='mean',
                                target_variable=None)),
                ('new_levels1',
                 New_Catagorical_Level...
                ('group', Empty()), ('nonliner', Empty()), ('scaling', Empty()),
                ('P_transform', Empty()), ('pt_target', Empty()),
                ('binn', Empty()), ('rem_outliers', Empty()),
                ('cluster_all', Empty()), ('dummy', Dummify(target='type')),
                ('fix_perfect', Empty()), ('clean_names', Clean_Colum_Names()),
                ('feature_select', Empty()), ('fix_multi', Empty()),
                ('dfs', Empty()), ('pca', Empty())],
         verbose=False)
2020-10-16 10:21:59,187:INFO:setup() succesfully completed......................................
2020-10-16 10:21:59,188:INFO:Initializing create_model()
2020-10-16 10:21:59,188:INFO:create_model(estimator=rf, ensemble=False, method=None, fold=10, round=4, cross_validation=True, verbose=True, system=True)
2020-10-16 10:21:59,188:INFO:Checking exceptions
2020-10-16 10:21:59,188:INFO:Preloading libraries
2020-10-16 10:21:59,188:INFO:Preparing display monitor
2020-10-16 10:21:59,206:INFO:Copying training dataset
2020-10-16 10:21:59,207:INFO:Importing libraries
2020-10-16 10:21:59,207:INFO:Defining folds
2020-10-16 10:21:59,207:INFO:Declaring metric variables
2020-10-16 10:21:59,211:INFO:Importing untrained model
2020-10-16 10:21:59,211:INFO:Random Forest Classifier Imported succesfully
2020-10-16 10:21:59,212:INFO:Checking ensemble method
2020-10-16 10:21:59,218:INFO:Initializing Fold 1
2020-10-16 10:21:59,224:INFO:Fitting Model
2020-10-16 10:21:59,355:INFO:Evaluating Metrics
2020-10-16 10:21:59,580:INFO:Compiling Metrics
2020-10-16 10:21:59,600:INFO:Initializing Fold 2
2020-10-16 10:21:59,605:INFO:Fitting Model
2020-10-16 10:21:59,718:INFO:Evaluating Metrics
2020-10-16 10:21:59,943:INFO:Compiling Metrics
2020-10-16 10:21:59,960:INFO:Initializing Fold 3
2020-10-16 10:21:59,966:INFO:Fitting Model
2020-10-16 10:22:00,076:INFO:Evaluating Metrics
2020-10-16 10:22:00,300:INFO:Compiling Metrics
2020-10-16 10:22:00,317:INFO:Initializing Fold 4
2020-10-16 10:22:00,323:INFO:Fitting Model
2020-10-16 10:22:00,435:INFO:Evaluating Metrics
2020-10-16 10:22:00,656:INFO:Compiling Metrics
2020-10-16 10:22:00,674:INFO:Initializing Fold 5
2020-10-16 10:22:00,680:INFO:Fitting Model
2020-10-16 10:22:00,794:INFO:Evaluating Metrics
2020-10-16 10:22:01,018:INFO:Compiling Metrics
2020-10-16 10:22:01,036:INFO:Initializing Fold 6
2020-10-16 10:22:01,042:INFO:Fitting Model
2020-10-16 10:22:01,152:INFO:Evaluating Metrics
2020-10-16 10:22:01,375:INFO:Compiling Metrics
2020-10-16 10:22:01,393:INFO:Initializing Fold 7
2020-10-16 10:22:01,398:INFO:Fitting Model
2020-10-16 10:22:01,509:INFO:Evaluating Metrics
2020-10-16 10:22:01,737:INFO:Compiling Metrics
2020-10-16 10:22:01,755:INFO:Initializing Fold 8
2020-10-16 10:22:01,761:INFO:Fitting Model
2020-10-16 10:22:01,871:INFO:Evaluating Metrics
2020-10-16 10:22:02,095:INFO:Compiling Metrics
2020-10-16 10:22:02,114:INFO:Initializing Fold 9
2020-10-16 10:22:02,119:INFO:Fitting Model
2020-10-16 10:22:02,233:INFO:Evaluating Metrics
2020-10-16 10:22:02,457:INFO:Compiling Metrics
2020-10-16 10:22:02,476:INFO:Initializing Fold 10
2020-10-16 10:22:02,482:INFO:Fitting Model
2020-10-16 10:22:02,595:INFO:Evaluating Metrics
2020-10-16 10:22:02,821:INFO:Compiling Metrics
2020-10-16 10:22:02,841:INFO:Calculating mean and std
2020-10-16 10:22:02,842:INFO:Creating metrics dataframe
2020-10-16 10:22:02,851:INFO:Finalizing model
2020-10-16 10:22:02,962:INFO:Uploading results into container
2020-10-16 10:22:02,962:INFO:Uploading model into container now
2020-10-16 10:22:02,980:INFO:create_model_container: 1
2020-10-16 10:22:02,981:INFO:master_model_container: 1
2020-10-16 10:22:02,981:INFO:display_container: 1
2020-10-16 10:22:02,981:INFO:RandomForestClassifier(bootstrap=True, ccp_alpha=0.0, class_weight=None,
                       criterion='gini', max_depth=None, max_features='auto',
                       max_leaf_nodes=None, max_samples=None,
                       min_impurity_decrease=0.0, min_impurity_split=None,
                       min_samples_leaf=1, min_samples_split=2,
                       min_weight_fraction_leaf=0.0, n_estimators=10, n_jobs=-1,
                       oob_score=False, random_state=5995, verbose=0,
                       warm_start=False)
2020-10-16 10:22:02,981:INFO:create_model() succesfully completed......................................
2020-10-16 10:22:02,987:INFO:Initializing plot_model()
2020-10-16 10:22:02,987:INFO:plot_model(estimator=RandomForestClassifier(bootstrap=True, ccp_alpha=0.0, class_weight=None,
                       criterion='gini', max_depth=None, max_features='auto',
                       max_leaf_nodes=None, max_samples=None,
                       min_impurity_decrease=0.0, min_impurity_split=None,
                       min_samples_leaf=1, min_samples_split=2,
                       min_weight_fraction_leaf=0.0, n_estimators=10, n_jobs=-1,
                       oob_score=False, random_state=5995, verbose=0,
                       warm_start=False), plot=auc, save=False, verbose=True, system=True)
2020-10-16 10:22:02,987:INFO:Checking exceptions
2020-10-16 10:22:03,096:INFO:Preloading libraries
2020-10-16 10:22:03,096:INFO:Preparing display monitor
2020-10-16 10:22:03,102:INFO:Importing libraries
2020-10-16 10:22:03,103:INFO:plot type: auc
2020-10-16 10:22:03,103:INFO:Copying training dataset
2020-10-16 10:22:03,364:INFO:Fitting Model
2020-10-16 10:22:03,365:INFO:Scoring test/hold-out set
2020-10-16 10:22:03,792:INFO:Visual Rendered Successfully
2020-10-16 10:22:03,792:INFO:plot_model() succesfully completed......................................
2020-10-16 10:52:43,712:INFO:PyCaret Classification Module
2020-10-16 10:52:43,712:INFO:version 2.1.2
2020-10-16 10:52:43,712:INFO:Initializing setup()
2020-10-16 10:52:43,712:INFO:USI: ec3e
2020-10-16 10:52:43,713:INFO:setup(data=(6497, 13), target=type, train_size=0.7, sampling=True, sample_estimator=None, categorical_features=None, categorical_imputation=constant, ordinal_features=None,
                    high_cardinality_features=None, high_cardinality_method=frequency, numeric_features=None, numeric_imputation=median, date_features=None, ignore_features=None, normalize=False,
                    normalize_method=zscore, transformation=False, transformation_method=yeo-johnson, handle_unknown_categorical=True, unknown_categorical_method=least_frequent, pca=False, pca_method=linear,
                    pca_components=None, ignore_low_variance=False, combine_rare_levels=False, rare_level_threshold=0.1, bin_numeric_features=None, remove_outliers=False, outliers_threshold=0.05,
                    remove_multicollinearity=False, multicollinearity_threshold=0.9, remove_perfect_collinearity=False, create_clusters=False, cluster_iter=20,
                    polynomial_features=False, polynomial_degree=2, trigonometry_features=False, polynomial_threshold=0.1, group_features=None,
                    group_names=None, feature_selection=False, feature_selection_threshold=0.8, feature_interaction=False, feature_ratio=False, interaction_threshold=0.01,
                    fix_imbalance=False, fix_imbalance_method=None, data_split_shuffle=True, folds_shuffle=False, n_jobs=-1, html=True, session_id=None, log_experiment=False,
                    experiment_name=None, log_plots=False, log_profile=False, log_data=False, silent=False, verbose=True, profile=False)
2020-10-16 10:52:43,713:INFO:Checking environment
2020-10-16 10:52:43,713:INFO:python_version: 3.7.4
2020-10-16 10:52:43,713:INFO:python_build: ('default', 'Sep  7 2019 18:27:02')
2020-10-16 10:52:43,713:INFO:machine: x86_64
2020-10-16 10:52:43,713:INFO:platform: Darwin-18.7.0-x86_64-i386-64bit
2020-10-16 10:52:43,714:WARNING:cannot find psutil installation. memory not traceable. Install psutil using pip to enable memory logging. 
2020-10-16 10:52:43,714:INFO:Checking libraries
2020-10-16 10:52:43,715:INFO:pd==1.1.0
2020-10-16 10:52:43,715:INFO:numpy==1.18.5
2020-10-16 10:52:43,715:INFO:sklearn==0.23.2
2020-10-16 10:52:43,715:INFO:xgboost==1.2.1
2020-10-16 10:52:43,715:INFO:lightgbm==3.0.0
2020-10-16 10:52:43,715:INFO:catboost==0.24.2
2020-10-16 10:52:43,715:INFO:mlflow==1.11.0
2020-10-16 10:52:43,715:INFO:Checking Exceptions
2020-10-16 10:52:43,715:INFO:Preloading libraries
2020-10-16 10:52:43,715:INFO:Preparing display monitor
2020-10-16 10:52:43,731:INFO:Importing libraries
2020-10-16 10:52:43,737:INFO:Declaring global variables
2020-10-16 10:52:43,738:INFO:Copying data for preprocessing
2020-10-16 10:52:43,743:INFO:Declaring preprocessing parameters
2020-10-16 10:52:43,743:INFO:Importing preprocessing module
2020-10-16 10:52:43,743:INFO:Creating preprocessing pipeline
